<?xml version="1.0" encoding="UTF-8"?>
<!-- Generated by org.testng.reporters.JUnitReportReporter -->
<testsuite hostname="DESKTOP-NRQAE50" name="com.masteringselenium.BasicTest" tests="2" failures="0" timestamp="31 Mar 2019 15:04:56 GMT" time="44.312" errors="0">
  <testcase name="googleCheeseExample" time="28.262" classname="com.masteringselenium.BasicTest"/>
  <testcase name="googleMilkExample" time="16.050" classname="com.masteringselenium.BasicTest"/>
</testsuite> <!-- com.masteringselenium.BasicTest -->
